Determining if the pthread_create exist failed with the following output:
Change Dir: /media/deepcv/Store2/1.Project/Stereo-RCNN/SensorFusion_ND/SFND_Lidar_Obstacle_Detection/src/quiz/ransac/build/CMakeFiles/CMakeTmp

Run Build Command:"/usr/bin/make" "cmTC_524a6/fast"
/usr/bin/make -f CMakeFiles/cmTC_524a6.dir/build.make CMakeFiles/cmTC_524a6.dir/build
make[1]: Entering directory '/media/deepcv/Store2/1.Project/Stereo-RCNN/SensorFusion_ND/SFND_Lidar_Obstacle_Detection/src/quiz/ransac/build/CMakeFiles/CMakeTmp'
Building C object CMakeFiles/cmTC_524a6.dir/CheckSymbolExists.c.o
/usr/bin/cc     -o CMakeFiles/cmTC_524a6.dir/CheckSymbolExists.c.o   -c /media/deepcv/Store2/1.Project/Stereo-RCNN/SensorFusion_ND/SFND_Lidar_Obstacle_Detection/src/quiz/ransac/build/CMakeFiles/CMakeTmp/CheckSymbolExists.c
Linking C executable cmTC_524a6
/usr/bin/cmake -E cmake_link_script CMakeFiles/cmTC_524a6.dir/link.txt --verbose=1
/usr/bin/cc       CMakeFiles/cmTC_524a6.dir/CheckSymbolExists.c.o  -o cmTC_524a6 -rdynamic 
CMakeFiles/cmTC_524a6.dir/CheckSymbolExists.c.o: In function `main':
CheckSymbolExists.c:(.text+0x16): undefined reference to `pthread_create'
collect2: error: ld returned 1 exit status
CMakeFiles/cmTC_524a6.dir/build.make:97: recipe for target 'cmTC_524a6' failed
make[1]: *** [cmTC_524a6] Error 1
make[1]: Leaving directory '/media/deepcv/Store2/1.Project/Stereo-RCNN/SensorFusion_ND/SFND_Lidar_Obstacle_Detection/src/quiz/ransac/build/CMakeFiles/CMakeTmp'
Makefile:126: recipe for target 'cmTC_524a6/fast' failed
make: *** [cmTC_524a6/fast] Error 2

File /media/deepcv/Store2/1.Project/Stereo-RCNN/SensorFusion_ND/SFND_Lidar_Obstacle_Detection/src/quiz/ransac/build/CMakeFiles/CMakeTmp/CheckSymbolExists.c:
/* */
#include <pthread.h>

int main(int argc, char** argv)
{
  (void)argv;
#ifndef pthread_create
  return ((int*)(&pthread_create))[argc];
#else
  (void)argc;
  return 0;
#endif
}

Determining if the function pthread_create exists in the pthreads failed with the following output:
Change Dir: /media/deepcv/Store2/1.Project/Stereo-RCNN/SensorFusion_ND/SFND_Lidar_Obstacle_Detection/src/quiz/ransac/build/CMakeFiles/CMakeTmp

Run Build Command:"/usr/bin/make" "cmTC_af1f9/fast"
/usr/bin/make -f CMakeFiles/cmTC_af1f9.dir/build.make CMakeFiles/cmTC_af1f9.dir/build
make[1]: Entering directory '/media/deepcv/Store2/1.Project/Stereo-RCNN/SensorFusion_ND/SFND_Lidar_Obstacle_Detection/src/quiz/ransac/build/CMakeFiles/CMakeTmp'
Building C object CMakeFiles/cmTC_af1f9.dir/CheckFunctionExists.c.o
/usr/bin/cc    -DCHECK_FUNCTION_EXISTS=pthread_create   -o CMakeFiles/cmTC_af1f9.dir/CheckFunctionExists.c.o   -c /usr/share/cmake-3.5/Modules/CheckFunctionExists.c
Linking C executable cmTC_af1f9
/usr/bin/cmake -E cmake_link_script CMakeFiles/cmTC_af1f9.dir/link.txt --verbose=1
/usr/bin/cc   -DCHECK_FUNCTION_EXISTS=pthread_create    CMakeFiles/cmTC_af1f9.dir/CheckFunctionExists.c.o  -o cmTC_af1f9 -rdynamic -lpthreads 
/usr/bin/ld: cannot find -lpthreads
collect2: error: ld returned 1 exit status
CMakeFiles/cmTC_af1f9.dir/build.make:97: recipe for target 'cmTC_af1f9' failed
make[1]: *** [cmTC_af1f9] Error 1
make[1]: Leaving directory '/media/deepcv/Store2/1.Project/Stereo-RCNN/SensorFusion_ND/SFND_Lidar_Obstacle_Detection/src/quiz/ransac/build/CMakeFiles/CMakeTmp'
Makefile:126: recipe for target 'cmTC_af1f9/fast' failed
make: *** [cmTC_af1f9/fast] Error 2


